<?xml version="1.0" encoding="UTF-8"?>
<testsuite xmlns:xsi="http://www.w3.org/2001/XMLSchema-instance" xsi:noNamespaceSchemaLocation="https://maven.apache.org/surefire/maven-surefire-plugin/xsd/surefire-test-report.xsd" version="3.0.2" name="com.test_task.restaurant.RestaurantApplicationTests" time="3.321" tests="1" errors="0" skipped="0" failures="0">
  <properties>
[...]
</properties>
  <testcase name="contextLoads" classname="com.test_task.restaurant.RestaurantApplicationTests" time="0.298">
    <system-out><![CDATA[20:22:10.791 [main] INFO org.springframework.test.context.support.AnnotationConfigContextLoaderUtils -- Could not detect default configuration classes for test class [com.test_task.restaurant.RestaurantApplicationTests]: RestaurantApplicationTests does not declare any static, non-private, non-final, nested classes annotated with @Configuration.
20:22:10.847 [main] INFO org.springframework.boot.test.context.SpringBootTestContextBootstrapper -- Found @SpringBootConfiguration com.test_task.restaurant.RestaurantApplication for test class com.test_task.restaurant.RestaurantApplicationTests
20:22:10.931 [main] INFO org.springframework.boot.devtools.restart.RestartApplicationListener -- Restart disabled due to context in which it is running

  .   ____          _            __ _ _
 /\\ / ___'_ __ _ _(_)_ __  __ _ \ \ \ \
( ( )\___ | '_ | '_| | '_ \/ _` | \ \ \ \
 \\/  ___)| |_)| | | | | || (_| |  ) ) ) )
  '  |____| .__|_| |_|_| |_\__, | / / / /
 =========|_|==============|___/=/_/_/_/

 :: Spring Boot ::                (v3.4.0)

2024-12-19T20:22:11.083+05:00  INFO 66295 --- [Restaurant] [           main] c.t.r.RestaurantApplicationTests         : Starting RestaurantApplicationTests using Java 17.0.13 with PID 66295 (started by ik-shark in /home/ik-shark/Restaurant-V_Domike_y_Sanycha/Restaurant)
2024-12-19T20:22:11.084+05:00  INFO 66295 --- [Restaurant] [           main] c.t.r.RestaurantApplicationTests         : No active profile set, falling back to 1 default profile: "default"
2024-12-19T20:22:11.499+05:00  INFO 66295 --- [Restaurant] [           main] .s.d.r.c.RepositoryConfigurationDelegate : Bootstrapping Spring Data JPA repositories in DEFAULT mode.
2024-12-19T20:22:11.547+05:00  INFO 66295 --- [Restaurant] [           main] .s.d.r.c.RepositoryConfigurationDelegate : Finished Spring Data repository scanning in 43 ms. Found 13 JPA repository interfaces.
2024-12-19T20:22:11.744+05:00  WARN 66295 --- [Restaurant] [           main] trationDelegate$BeanPostProcessorChecker : Bean 'org.springframework.ws.config.annotation.DelegatingWsConfiguration' of type [org.springframework.ws.config.annotation.DelegatingWsConfiguration$$SpringCGLIB$$0] is not eligible for getting processed by all BeanPostProcessors (for example: not eligible for auto-proxying). The currently created BeanPostProcessor [annotationActionEndpointMapping] is declared through a non-static factory method on that class; consider declaring it as static instead.
2024-12-19T20:22:11.769+05:00  INFO 66295 --- [Restaurant] [           main] .w.s.a.s.AnnotationActionEndpointMapping : Supporting [WS-Addressing August 2004, WS-Addressing 1.0]
2024-12-19T20:22:11.872+05:00  INFO 66295 --- [Restaurant] [           main] o.hibernate.jpa.internal.util.LogHelper  : HHH000204: Processing PersistenceUnitInfo [name: default]
2024-12-19T20:22:11.903+05:00  INFO 66295 --- [Restaurant] [           main] org.hibernate.Version                    : HHH000412: Hibernate ORM core version 6.6.2.Final
2024-12-19T20:22:11.922+05:00  INFO 66295 --- [Restaurant] [           main] o.h.c.internal.RegionFactoryInitiator    : HHH000026: Second-level cache disabled
2024-12-19T20:22:12.091+05:00  INFO 66295 --- [Restaurant] [           main] o.s.o.j.p.SpringPersistenceUnitInfo      : No LoadTimeWeaver setup: ignoring JPA class transformer
2024-12-19T20:22:12.108+05:00  INFO 66295 --- [Restaurant] [           main] com.zaxxer.hikari.HikariDataSource       : HikariPool-1 - Starting...
2024-12-19T20:22:12.263+05:00  INFO 66295 --- [Restaurant] [           main] com.zaxxer.hikari.pool.HikariPool        : HikariPool-1 - Added connection org.postgresql.jdbc.PgConnection@6c421123
2024-12-19T20:22:12.264+05:00  INFO 66295 --- [Restaurant] [           main] com.zaxxer.hikari.HikariDataSource       : HikariPool-1 - Start completed.
2024-12-19T20:22:12.307+05:00  INFO 66295 --- [Restaurant] [           main] org.hibernate.orm.connections.pooling    : HHH10001005: Database info:
	Database JDBC URL [Connecting through datasource 'HikariDataSource (HikariPool-1)']
	Database driver: undefined/unknown
	Database version: 12.20
	Autocommit mode: undefined/unknown
	Isolation level: undefined/unknown
	Minimum pool size: undefined/unknown
	Maximum pool size: undefined/unknown
2024-12-19T20:22:12.931+05:00  INFO 66295 --- [Restaurant] [           main] o.h.e.t.j.p.i.JtaPlatformInitiator       : HHH000489: No JTA platform available (set 'hibernate.transaction.jta.platform' to enable JTA platform integration)
2024-12-19T20:22:12.996+05:00  WARN 66295 --- [Restaurant] [           main] o.h.engine.jdbc.spi.SqlExceptionHelper   : SQL Warning Code: 0, SQLState: 00000
2024-12-19T20:22:12.996+05:00  WARN 66295 --- [Restaurant] [           main] o.h.engine.jdbc.spi.SqlExceptionHelper   : constraint "ukajq91b9f820ldbkxu337bdl0h" of relation "client" does not exist, skipping
2024-12-19T20:22:12.998+05:00  WARN 66295 --- [Restaurant] [           main] o.h.engine.jdbc.spi.SqlExceptionHelper   : SQL Warning Code: 0, SQLState: 00000
2024-12-19T20:22:12.998+05:00  WARN 66295 --- [Restaurant] [           main] o.h.engine.jdbc.spi.SqlExceptionHelper   : constraint "ukbfgjs3fem0hmjhvih80158x29" of relation "client" does not exist, skipping
2024-12-19T20:22:12.999+05:00  WARN 66295 --- [Restaurant] [           main] o.h.engine.jdbc.spi.SqlExceptionHelper   : SQL Warning Code: 0, SQLState: 00000
2024-12-19T20:22:13.000+05:00  WARN 66295 --- [Restaurant] [           main] o.h.engine.jdbc.spi.SqlExceptionHelper   : constraint "ukl5cel01sdcedvqjc5fu0b5gie" of relation "client" does not exist, skipping
2024-12-19T20:22:13.002+05:00  WARN 66295 --- [Restaurant] [           main] o.h.engine.jdbc.spi.SqlExceptionHelper   : SQL Warning Code: 0, SQLState: 00000
2024-12-19T20:22:13.002+05:00  WARN 66295 --- [Restaurant] [           main] o.h.engine.jdbc.spi.SqlExceptionHelper   : constraint "uk7hhm76pg86qc35tpb40pcvx5o" of relation "inventory" does not exist, skipping
2024-12-19T20:22:13.003+05:00  WARN 66295 --- [Restaurant] [           main] o.h.engine.jdbc.spi.SqlExceptionHelper   : SQL Warning Code: 0, SQLState: 00000
2024-12-19T20:22:13.004+05:00  WARN 66295 --- [Restaurant] [           main] o.h.engine.jdbc.spi.SqlExceptionHelper   : constraint "ukf0t59srr03dt422o4er5r1mm6" of relation "loyalty_programm" does not exist, skipping
2024-12-19T20:22:13.006+05:00  WARN 66295 --- [Restaurant] [           main] o.h.engine.jdbc.spi.SqlExceptionHelper   : SQL Warning Code: 0, SQLState: 00000
2024-12-19T20:22:13.006+05:00  WARN 66295 --- [Restaurant] [           main] o.h.engine.jdbc.spi.SqlExceptionHelper   : constraint "ukrpkd84jnduk7tp07j3tlpne15" of relation "staff" does not exist, skipping
2024-12-19T20:22:13.007+05:00  WARN 66295 --- [Restaurant] [           main] o.h.engine.jdbc.spi.SqlExceptionHelper   : SQL Warning Code: 0, SQLState: 00000
2024-12-19T20:22:13.008+05:00  WARN 66295 --- [Restaurant] [           main] o.h.engine.jdbc.spi.SqlExceptionHelper   : constraint "ukgjxemtljj44lom4507vslmg5w" of relation "staff" does not exist, skipping
2024-12-19T20:22:13.025+05:00  INFO 66295 --- [Restaurant] [           main] j.LocalContainerEntityManagerFactoryBean : Initialized JPA EntityManagerFactory for persistence unit 'default'
2024-12-19T20:22:13.381+05:00  WARN 66295 --- [Restaurant] [           main] JpaBaseConfiguration$JpaWebConfiguration : spring.jpa.open-in-view is enabled by default. Therefore, database queries may be performed during view rendering. Explicitly configure spring.jpa.open-in-view to disable this warning
2024-12-19T20:22:13.570+05:00  WARN 66295 --- [Restaurant] [           main] ion$DefaultTemplateResolverConfiguration : Cannot find template location: classpath:/templates/ (please add some templates, check your Thymeleaf configuration, or set spring.thymeleaf.check-template-location=false)
2024-12-19T20:22:13.651+05:00  WARN 66295 --- [Restaurant] [           main] o.s.b.a.f.FreeMarkerAutoConfiguration    : Cannot find template location: [classpath:/templates/] (please add some templates, check your FreeMarker configuration, or set spring.freemarker.check-template-location=false)
2024-12-19T20:22:13.716+05:00  INFO 66295 --- [Restaurant] [           main] c.t.r.RestaurantApplicationTests         : Started RestaurantApplicationTests in 2.792 seconds (process running for 3.295)
]]></system-out>
  </testcase>
</testsuite>